<?xml version="1.0" encoding="UTF-8"?>
<!-- Generated by org.testng.reporters.JUnitXMLReporter -->
<testsuite ignored="0" hostname="LTIN259847" failures="0" tests="3" name="Test" time="141.169" errors="0" timestamp="2024-03-04T22:16:34 IST">
  <testcase classname="TestCase.Tc_1TravelInsuranceRunner" name="travelInsurance" time="40.925"/>
  <testcase classname="TestCase.Tc_2CarInsuranceRunner" name="carInsurance" time="13.045"/>
  <testcase classname="TestCase.Tc_3HealthInsuranceRunner" name="healthInsurance" time="2.168"/>
</testsuite> <!-- Test -->
