<?xml version="1.0" encoding="UTF-8"?>
<!-- Generated by org.testng.reporters.JUnitXMLReporter -->
<testsuite ignored="0" hostname="LTIN259847" failures="0" tests="3" name="Test" time="149.147" errors="0" timestamp="2024-03-25T11:02:00 IST">
  <testcase classname="TestCase.Tc_1TravelInsuranceRunner" name="travelInsurance" time="39.74"/>
  <testcase classname="TestCase.Tc_2CarInsuranceRunner" name="carInsurance" time="26.629"/>
  <testcase classname="TestCase.Tc_3HealthInsuranceRunner" name="healthInsurance" time="2.494"/>
</testsuite> <!-- Test -->
