<?xml version="1.0" encoding="UTF-8"?>
<!-- Generated by org.testng.reporters.JUnitXMLReporter -->
<testsuite ignored="0" hostname="LTIN259847" failures="0" tests="3" name="Test" time="189.52" errors="0" timestamp="2024-03-25T14:44:38 IST">
  <testcase classname="TestCase.Tc_1TravelInsuranceRunner" name="travelInsurance" time="45.4"/>
  <testcase classname="TestCase.Tc_2CarInsuranceRunner" name="carInsurance" time="28.38"/>
  <testcase classname="TestCase.Tc_3HealthInsuranceRunner" name="healthInsurance" time="3.339"/>
</testsuite> <!-- Test -->
