<?xml version="1.0" encoding="UTF-8"?>
<testng-results ignored="0" total="3" passed="3" failed="0" skipped="0">
  <reporter-output>
  </reporter-output>
  <suite started-at="2024-03-25T14:41:17 IST" name="Suite" finished-at="2024-03-25T14:44:26 IST" duration-ms="189520">
    <groups>
      <group name="regression">
        <method signature="Tc_1TravelInsuranceRunner.travelInsurance()[pri:1, instance:TestCase.Tc_1TravelInsuranceRunner@55e8ec2f]" name="travelInsurance" class="TestCase.Tc_1TravelInsuranceRunner"/>
        <method signature="Tc_2CarInsuranceRunner.carInsurance()[pri:2, instance:TestCase.Tc_2CarInsuranceRunner@42a9e5d1]" name="carInsurance" class="TestCase.Tc_2CarInsuranceRunner"/>
        <method signature="Tc_3HealthInsuranceRunner.healthInsurance()[pri:3, instance:TestCase.Tc_3HealthInsuranceRunner@5b080f3a]" name="healthInsurance" class="TestCase.Tc_3HealthInsuranceRunner"/>
      </group> <!-- regression -->
      <group name="smoke">
        <method signature="Tc_1TravelInsuranceRunner.travelInsurance()[pri:1, instance:TestCase.Tc_1TravelInsuranceRunner@55e8ec2f]" name="travelInsurance" class="TestCase.Tc_1TravelInsuranceRunner"/>
      </group> <!-- smoke -->
      <group name="sanity">
        <method signature="Tc_3HealthInsuranceRunner.healthInsurance()[pri:3, instance:TestCase.Tc_3HealthInsuranceRunner@5b080f3a]" name="healthInsurance" class="TestCase.Tc_3HealthInsuranceRunner"/>
      </group> <!-- sanity -->
      <group name="master">
        <method signature="Tc_1TravelInsuranceRunner.travelInsurance()[pri:1, instance:TestCase.Tc_1TravelInsuranceRunner@55e8ec2f]" name="travelInsurance" class="TestCase.Tc_1TravelInsuranceRunner"/>
        <method signature="Tc_2CarInsuranceRunner.carInsurance()[pri:2, instance:TestCase.Tc_2CarInsuranceRunner@42a9e5d1]" name="carInsurance" class="TestCase.Tc_2CarInsuranceRunner"/>
        <method signature="Tc_3HealthInsuranceRunner.healthInsurance()[pri:3, instance:TestCase.Tc_3HealthInsuranceRunner@5b080f3a]" name="healthInsurance" class="TestCase.Tc_3HealthInsuranceRunner"/>
      </group> <!-- master -->
    </groups>
    <test started-at="2024-03-25T14:41:17 IST" name="Test" finished-at="2024-03-25T14:44:26 IST" duration-ms="189520">
      <class name="TestCase.Tc_1TravelInsuranceRunner">
        <test-method is-config="true" signature="setup(java.lang.String)[pri:0, instance:TestCase.Tc_1TravelInsuranceRunner@55e8ec2f]" started-at="2024-03-25T14:41:18 IST" name="setup" finished-at="2024-03-25T14:41:34 IST" duration-ms="16375" status="PASS">
          <params>
            <param index="0">
              <value>
                <![CDATA[chrome]]>
              </value>
            </param>
          </params>
          <reporter-output>
          </reporter-output>
        </test-method> <!-- setup -->
        <test-method signature="travelInsurance()[pri:1, instance:TestCase.Tc_1TravelInsuranceRunner@55e8ec2f]" started-at="2024-03-25T14:41:34 IST" name="travelInsurance" finished-at="2024-03-25T14:42:20 IST" duration-ms="45400" status="PASS">
          <reporter-output>
          </reporter-output>
        </test-method> <!-- travelInsurance -->
        <test-method is-config="true" signature="tearDown()[pri:0, instance:TestCase.Tc_1TravelInsuranceRunner@55e8ec2f]" started-at="2024-03-25T14:42:20 IST" name="tearDown" finished-at="2024-03-25T14:42:31 IST" duration-ms="11493" status="PASS">
          <reporter-output>
          </reporter-output>
        </test-method> <!-- tearDown -->
      </class> <!-- TestCase.Tc_1TravelInsuranceRunner -->
      <class name="TestCase.Tc_2CarInsuranceRunner">
        <test-method is-config="true" signature="setup(java.lang.String)[pri:0, instance:TestCase.Tc_2CarInsuranceRunner@42a9e5d1]" started-at="2024-03-25T14:42:31 IST" name="setup" finished-at="2024-03-25T14:42:45 IST" duration-ms="14119" status="PASS">
          <params>
            <param index="0">
              <value>
                <![CDATA[chrome]]>
              </value>
            </param>
          </params>
          <reporter-output>
          </reporter-output>
        </test-method> <!-- setup -->
        <test-method signature="carInsurance()[pri:2, instance:TestCase.Tc_2CarInsuranceRunner@42a9e5d1]" started-at="2024-03-25T14:42:45 IST" name="carInsurance" finished-at="2024-03-25T14:43:14 IST" duration-ms="28380" status="PASS">
          <reporter-output>
          </reporter-output>
        </test-method> <!-- carInsurance -->
        <test-method is-config="true" signature="tearDown()[pri:0, instance:TestCase.Tc_2CarInsuranceRunner@42a9e5d1]" started-at="2024-03-25T14:43:14 IST" name="tearDown" finished-at="2024-03-25T14:43:25 IST" duration-ms="11329" status="PASS">
          <reporter-output>
          </reporter-output>
        </test-method> <!-- tearDown -->
      </class> <!-- TestCase.Tc_2CarInsuranceRunner -->
      <class name="TestCase.Tc_3HealthInsuranceRunner">
        <test-method is-config="true" signature="setup(java.lang.String)[pri:0, instance:TestCase.Tc_3HealthInsuranceRunner@5b080f3a]" started-at="2024-03-25T14:43:25 IST" name="setup" finished-at="2024-03-25T14:44:11 IST" duration-ms="46149" status="PASS">
          <params>
            <param index="0">
              <value>
                <![CDATA[chrome]]>
              </value>
            </param>
          </params>
          <reporter-output>
          </reporter-output>
        </test-method> <!-- setup -->
        <test-method signature="healthInsurance()[pri:3, instance:TestCase.Tc_3HealthInsuranceRunner@5b080f3a]" started-at="2024-03-25T14:44:11 IST" name="healthInsurance" finished-at="2024-03-25T14:44:15 IST" duration-ms="3339" status="PASS">
          <reporter-output>
          </reporter-output>
        </test-method> <!-- healthInsurance -->
        <test-method is-config="true" signature="tearDown()[pri:0, instance:TestCase.Tc_3HealthInsuranceRunner@5b080f3a]" started-at="2024-03-25T14:44:15 IST" name="tearDown" finished-at="2024-03-25T14:44:26 IST" duration-ms="11507" status="PASS">
          <reporter-output>
          </reporter-output>
        </test-method> <!-- tearDown -->
      </class> <!-- TestCase.Tc_3HealthInsuranceRunner -->
    </test> <!-- Test -->
  </suite> <!-- Suite -->
</testng-results>
