<?xml version="1.0" encoding="UTF-8"?>
<testng-results ignored="0" total="3" passed="3" failed="0" skipped="0">
  <reporter-output>
  </reporter-output>
  <suite started-at="2024-03-25T10:59:22 IST" name="Suite" finished-at="2024-03-25T11:01:51 IST" duration-ms="149147">
    <groups>
      <group name="regression">
        <method signature="Tc_1TravelInsuranceRunner.travelInsurance()[pri:1, instance:TestCase.Tc_1TravelInsuranceRunner@36fc695d]" name="travelInsurance" class="TestCase.Tc_1TravelInsuranceRunner"/>
        <method signature="Tc_2CarInsuranceRunner.carInsurance()[pri:2, instance:TestCase.Tc_2CarInsuranceRunner@776aec5c]" name="carInsurance" class="TestCase.Tc_2CarInsuranceRunner"/>
        <method signature="Tc_3HealthInsuranceRunner.healthInsurance()[pri:3, instance:TestCase.Tc_3HealthInsuranceRunner@1d296da]" name="healthInsurance" class="TestCase.Tc_3HealthInsuranceRunner"/>
      </group> <!-- regression -->
      <group name="smoke">
        <method signature="Tc_1TravelInsuranceRunner.travelInsurance()[pri:1, instance:TestCase.Tc_1TravelInsuranceRunner@36fc695d]" name="travelInsurance" class="TestCase.Tc_1TravelInsuranceRunner"/>
      </group> <!-- smoke -->
      <group name="sanity">
        <method signature="Tc_3HealthInsuranceRunner.healthInsurance()[pri:3, instance:TestCase.Tc_3HealthInsuranceRunner@1d296da]" name="healthInsurance" class="TestCase.Tc_3HealthInsuranceRunner"/>
      </group> <!-- sanity -->
      <group name="master">
        <method signature="Tc_1TravelInsuranceRunner.travelInsurance()[pri:1, instance:TestCase.Tc_1TravelInsuranceRunner@36fc695d]" name="travelInsurance" class="TestCase.Tc_1TravelInsuranceRunner"/>
        <method signature="Tc_2CarInsuranceRunner.carInsurance()[pri:2, instance:TestCase.Tc_2CarInsuranceRunner@776aec5c]" name="carInsurance" class="TestCase.Tc_2CarInsuranceRunner"/>
        <method signature="Tc_3HealthInsuranceRunner.healthInsurance()[pri:3, instance:TestCase.Tc_3HealthInsuranceRunner@1d296da]" name="healthInsurance" class="TestCase.Tc_3HealthInsuranceRunner"/>
      </group> <!-- master -->
    </groups>
    <test started-at="2024-03-25T10:59:22 IST" name="Test" finished-at="2024-03-25T11:01:51 IST" duration-ms="149147">
      <class name="TestCase.Tc_1TravelInsuranceRunner">
        <test-method is-config="true" signature="setup(java.lang.String)[pri:0, instance:TestCase.Tc_1TravelInsuranceRunner@36fc695d]" started-at="2024-03-25T10:59:23 IST" name="setup" finished-at="2024-03-25T10:59:36 IST" duration-ms="13388" status="PASS">
          <params>
            <param index="0">
              <value>
                <![CDATA[chrome]]>
              </value>
            </param>
          </params>
          <reporter-output>
          </reporter-output>
        </test-method> <!-- setup -->
        <test-method signature="travelInsurance()[pri:1, instance:TestCase.Tc_1TravelInsuranceRunner@36fc695d]" started-at="2024-03-25T10:59:36 IST" name="travelInsurance" finished-at="2024-03-25T11:00:16 IST" duration-ms="39740" status="PASS">
          <reporter-output>
          </reporter-output>
        </test-method> <!-- travelInsurance -->
        <test-method is-config="true" signature="tearDown()[pri:0, instance:TestCase.Tc_1TravelInsuranceRunner@36fc695d]" started-at="2024-03-25T11:00:16 IST" name="tearDown" finished-at="2024-03-25T11:00:27 IST" duration-ms="11354" status="PASS">
          <reporter-output>
          </reporter-output>
        </test-method> <!-- tearDown -->
      </class> <!-- TestCase.Tc_1TravelInsuranceRunner -->
      <class name="TestCase.Tc_2CarInsuranceRunner">
        <test-method is-config="true" signature="setup(java.lang.String)[pri:0, instance:TestCase.Tc_2CarInsuranceRunner@776aec5c]" started-at="2024-03-25T11:00:27 IST" name="setup" finished-at="2024-03-25T11:00:49 IST" duration-ms="21218" status="PASS">
          <params>
            <param index="0">
              <value>
                <![CDATA[chrome]]>
              </value>
            </param>
          </params>
          <reporter-output>
          </reporter-output>
        </test-method> <!-- setup -->
        <test-method signature="carInsurance()[pri:2, instance:TestCase.Tc_2CarInsuranceRunner@776aec5c]" started-at="2024-03-25T11:00:49 IST" name="carInsurance" finished-at="2024-03-25T11:01:15 IST" duration-ms="26629" status="PASS">
          <reporter-output>
          </reporter-output>
        </test-method> <!-- carInsurance -->
        <test-method is-config="true" signature="tearDown()[pri:0, instance:TestCase.Tc_2CarInsuranceRunner@776aec5c]" started-at="2024-03-25T11:01:15 IST" name="tearDown" finished-at="2024-03-25T11:01:26 IST" duration-ms="11252" status="PASS">
          <reporter-output>
          </reporter-output>
        </test-method> <!-- tearDown -->
      </class> <!-- TestCase.Tc_2CarInsuranceRunner -->
      <class name="TestCase.Tc_3HealthInsuranceRunner">
        <test-method is-config="true" signature="setup(java.lang.String)[pri:0, instance:TestCase.Tc_3HealthInsuranceRunner@1d296da]" started-at="2024-03-25T11:01:26 IST" name="setup" finished-at="2024-03-25T11:01:37 IST" duration-ms="10902" status="PASS">
          <params>
            <param index="0">
              <value>
                <![CDATA[chrome]]>
              </value>
            </param>
          </params>
          <reporter-output>
          </reporter-output>
        </test-method> <!-- setup -->
        <test-method signature="healthInsurance()[pri:3, instance:TestCase.Tc_3HealthInsuranceRunner@1d296da]" started-at="2024-03-25T11:01:37 IST" name="healthInsurance" finished-at="2024-03-25T11:01:40 IST" duration-ms="2494" status="PASS">
          <reporter-output>
          </reporter-output>
        </test-method> <!-- healthInsurance -->
        <test-method is-config="true" signature="tearDown()[pri:0, instance:TestCase.Tc_3HealthInsuranceRunner@1d296da]" started-at="2024-03-25T11:01:40 IST" name="tearDown" finished-at="2024-03-25T11:01:51 IST" duration-ms="11321" status="PASS">
          <reporter-output>
          </reporter-output>
        </test-method> <!-- tearDown -->
      </class> <!-- TestCase.Tc_3HealthInsuranceRunner -->
    </test> <!-- Test -->
  </suite> <!-- Suite -->
</testng-results>
