<?xml version="1.0" encoding="UTF-8"?>
<testng-results ignored="0" total="3" passed="3" failed="0" skipped="0">
  <reporter-output>
  </reporter-output>
  <suite started-at="2024-03-04T22:14:09 IST" name="Suite" finished-at="2024-03-04T22:16:31 IST" duration-ms="141169">
    <groups>
      <group name="regression">
        <method signature="Tc_2CarInsuranceRunner.carInsurance()[pri:2, instance:TestCase.Tc_2CarInsuranceRunner@557caf28]" name="carInsurance" class="TestCase.Tc_2CarInsuranceRunner"/>
        <method signature="Tc_3HealthInsuranceRunner.healthInsurance()[pri:3, instance:TestCase.Tc_3HealthInsuranceRunner@408d971b]" name="healthInsurance" class="TestCase.Tc_3HealthInsuranceRunner"/>
      </group> <!-- regression -->
      <group name="sanity">
        <method signature="Tc_1TravelInsuranceRunner.travelInsurance()[pri:1, instance:TestCase.Tc_1TravelInsuranceRunner@62379589]" name="travelInsurance" class="TestCase.Tc_1TravelInsuranceRunner"/>
        <method signature="Tc_3HealthInsuranceRunner.healthInsurance()[pri:3, instance:TestCase.Tc_3HealthInsuranceRunner@408d971b]" name="healthInsurance" class="TestCase.Tc_3HealthInsuranceRunner"/>
      </group> <!-- sanity -->
      <group name="master">
        <method signature="Tc_1TravelInsuranceRunner.travelInsurance()[pri:1, instance:TestCase.Tc_1TravelInsuranceRunner@62379589]" name="travelInsurance" class="TestCase.Tc_1TravelInsuranceRunner"/>
        <method signature="Tc_2CarInsuranceRunner.carInsurance()[pri:2, instance:TestCase.Tc_2CarInsuranceRunner@557caf28]" name="carInsurance" class="TestCase.Tc_2CarInsuranceRunner"/>
        <method signature="Tc_3HealthInsuranceRunner.healthInsurance()[pri:3, instance:TestCase.Tc_3HealthInsuranceRunner@408d971b]" name="healthInsurance" class="TestCase.Tc_3HealthInsuranceRunner"/>
      </group> <!-- master -->
    </groups>
    <test started-at="2024-03-04T22:14:09 IST" name="Test" finished-at="2024-03-04T22:16:31 IST" duration-ms="141169">
      <class name="TestCase.Tc_1TravelInsuranceRunner">
        <test-method is-config="true" signature="setup(java.lang.String)[pri:0, instance:TestCase.Tc_1TravelInsuranceRunner@62379589]" started-at="2024-03-04T22:14:11 IST" name="setup" finished-at="2024-03-04T22:14:30 IST" duration-ms="19658" status="PASS">
          <params>
            <param index="0">
              <value>
                <![CDATA[chrome]]>
              </value>
            </param>
          </params>
          <reporter-output>
          </reporter-output>
        </test-method> <!-- setup -->
        <test-method signature="travelInsurance()[pri:1, instance:TestCase.Tc_1TravelInsuranceRunner@62379589]" started-at="2024-03-04T22:14:30 IST" name="travelInsurance" finished-at="2024-03-04T22:15:11 IST" duration-ms="40925" status="PASS">
          <reporter-output>
          </reporter-output>
        </test-method> <!-- travelInsurance -->
        <test-method is-config="true" signature="tearDown()[pri:0, instance:TestCase.Tc_1TravelInsuranceRunner@62379589]" started-at="2024-03-04T22:15:11 IST" name="tearDown" finished-at="2024-03-04T22:15:23 IST" duration-ms="11577" status="PASS">
          <reporter-output>
          </reporter-output>
        </test-method> <!-- tearDown -->
      </class> <!-- TestCase.Tc_1TravelInsuranceRunner -->
      <class name="TestCase.Tc_2CarInsuranceRunner">
        <test-method is-config="true" signature="setup(java.lang.String)[pri:0, instance:TestCase.Tc_2CarInsuranceRunner@557caf28]" started-at="2024-03-04T22:15:23 IST" name="setup" finished-at="2024-03-04T22:15:37 IST" duration-ms="14556" status="PASS">
          <params>
            <param index="0">
              <value>
                <![CDATA[chrome]]>
              </value>
            </param>
          </params>
          <reporter-output>
          </reporter-output>
        </test-method> <!-- setup -->
        <test-method signature="carInsurance()[pri:2, instance:TestCase.Tc_2CarInsuranceRunner@557caf28]" started-at="2024-03-04T22:15:37 IST" name="carInsurance" finished-at="2024-03-04T22:15:50 IST" duration-ms="13045" status="PASS">
          <reporter-output>
          </reporter-output>
        </test-method> <!-- carInsurance -->
        <test-method is-config="true" signature="tearDown()[pri:0, instance:TestCase.Tc_2CarInsuranceRunner@557caf28]" started-at="2024-03-04T22:15:50 IST" name="tearDown" finished-at="2024-03-04T22:16:02 IST" duration-ms="11415" status="PASS">
          <reporter-output>
          </reporter-output>
        </test-method> <!-- tearDown -->
      </class> <!-- TestCase.Tc_2CarInsuranceRunner -->
      <class name="TestCase.Tc_3HealthInsuranceRunner">
        <test-method is-config="true" signature="setup(java.lang.String)[pri:0, instance:TestCase.Tc_3HealthInsuranceRunner@408d971b]" started-at="2024-03-04T22:16:02 IST" name="setup" finished-at="2024-03-04T22:16:17 IST" duration-ms="14822" status="PASS">
          <params>
            <param index="0">
              <value>
                <![CDATA[chrome]]>
              </value>
            </param>
          </params>
          <reporter-output>
          </reporter-output>
        </test-method> <!-- setup -->
        <test-method signature="healthInsurance()[pri:3, instance:TestCase.Tc_3HealthInsuranceRunner@408d971b]" started-at="2024-03-04T22:16:17 IST" name="healthInsurance" finished-at="2024-03-04T22:16:19 IST" duration-ms="2168" status="PASS">
          <reporter-output>
          </reporter-output>
        </test-method> <!-- healthInsurance -->
        <test-method is-config="true" signature="tearDown()[pri:0, instance:TestCase.Tc_3HealthInsuranceRunner@408d971b]" started-at="2024-03-04T22:16:19 IST" name="tearDown" finished-at="2024-03-04T22:16:31 IST" duration-ms="11670" status="PASS">
          <reporter-output>
          </reporter-output>
        </test-method> <!-- tearDown -->
      </class> <!-- TestCase.Tc_3HealthInsuranceRunner -->
    </test> <!-- Test -->
  </suite> <!-- Suite -->
</testng-results>
